<?xml version="1.0" encoding="UTF-8" ?>
<testsuite failures="0" time="0.029" errors="2" skipped="0" tests="2" name="stock.com.simple.stock.market.SimpleStockMarketApplicationTest">
  <properties>
    <property name="java.runtime.name" value="Java(TM) SE Runtime Environment"/>
    <property name="sun.boot.library.path" value="C:\Program Files\Java\jdk1.6.0_30\jre\bin"/>
    <property name="java.vm.version" value="20.5-b03"/>
    <property name="java.vm.vendor" value="Sun Microsystems Inc."/>
    <property name="java.vendor.url" value="http://java.sun.com/"/>
    <property name="path.separator" value=";"/>
    <property name="guice.disable.misplaced.annotation.check" value="true"/>
    <property name="java.vm.name" value="Java HotSpot(TM) 64-Bit Server VM"/>
    <property name="file.encoding.pkg" value="sun.io"/>
    <property name="user.country" value="GB"/>
    <property name="sun.java.launcher" value="SUN_STANDARD"/>
    <property name="sun.os.patch.level" value="Service Pack 1"/>
    <property name="java.vm.specification.name" value="Java Virtual Machine Specification"/>
    <property name="user.dir" value="P:\workspace\com.simple.stock.market"/>
    <property name="java.runtime.version" value="1.6.0_30-b12"/>
    <property name="java.awt.graphicsenv" value="sun.awt.Win32GraphicsEnvironment"/>
    <property name="java.endorsed.dirs" value="C:\Program Files\Java\jdk1.6.0_30\jre\lib\endorsed"/>
    <property name="os.arch" value="amd64"/>
    <property name="java.io.tmpdir" value="P:\Users\d609026.SCOTLAND\AppData\Local\Temp\"/>
    <property name="line.separator" value="
"/>
    <property name="java.vm.specification.vendor" value="Sun Microsystems Inc."/>
    <property name="user.variant" value=""/>
    <property name="os.name" value="Windows 7"/>
    <property name="classworlds.conf" value="P:\workspace\.metadata\.plugins\org.eclipse.m2e.launching\launches\m2conf267186263732235557.tmp"/>
    <property name="sun.jnu.encoding" value="Cp1252"/>
    <property name="java.library.path" value="C:\Program Files\Java\jdk1.6.0_30\bin;C:\Windows\Sun\Java\bin;C:\Windows\system32;C:\Windows;C:\Windows\system32;C:\Windows;C:\Windows\System32\Wbem;C:\Windows\System32\WindowsPowerShell\v1.0\;C:\software\Maven\apache-maven-3.0.3\bin;C:\software\Maven\apache-maven-3.0.4\bin;C:\Program Files\java\jdk1.6.0_30\bin;C:\Program Files\TortoiseSVN\bin;."/>
    <property name="java.specification.name" value="Java Platform API Specification"/>
    <property name="java.class.version" value="50.0"/>
    <property name="sun.management.compiler" value="HotSpot 64-Bit Tiered Compilers"/>
    <property name="os.version" value="6.1"/>
    <property name="user.home" value="P:\Users\d609026"/>
    <property name="user.timezone" value="Europe/London"/>
    <property name="java.awt.printerjob" value="sun.awt.windows.WPrinterJob"/>
    <property name="file.encoding" value="Cp1252"/>
    <property name="java.specification.version" value="1.6"/>
    <property name="user.name" value="d609026"/>
    <property name="java.class.path" value="/C:/software/jbdevstudio7/studio/configuration/org.eclipse.osgi/bundles/509/1/.cp/jars/plexus-classworlds-2.4.jar"/>
    <property name="java.vm.specification.version" value="1.0"/>
    <property name="sun.arch.data.model" value="64"/>
    <property name="java.home" value="C:\Program Files\Java\jdk1.6.0_30\jre"/>
    <property name="sun.java.command" value="org.codehaus.plexus.classworlds.launcher.Launcher -B -s C:\software\Maven\apache-maven-3.0.4\conf\settings.xml install"/>
    <property name="java.specification.vendor" value="Sun Microsystems Inc."/>
    <property name="user.language" value="en"/>
    <property name="awt.toolkit" value="sun.awt.windows.WToolkit"/>
    <property name="java.vm.info" value="mixed mode"/>
    <property name="java.version" value="1.6.0_30"/>
    <property name="java.ext.dirs" value="C:\Program Files\Java\jdk1.6.0_30\jre\lib\ext;C:\Windows\Sun\Java\lib\ext"/>
    <property name="sun.boot.class.path" value="C:\Program Files\Java\jdk1.6.0_30\jre\lib\resources.jar;C:\Program Files\Java\jdk1.6.0_30\jre\lib\rt.jar;C:\Program Files\Java\jdk1.6.0_30\jre\lib\sunrsasign.jar;C:\Program Files\Java\jdk1.6.0_30\jre\lib\jsse.jar;C:\Program Files\Java\jdk1.6.0_30\jre\lib\jce.jar;C:\Program Files\Java\jdk1.6.0_30\jre\lib\charsets.jar;C:\Program Files\Java\jdk1.6.0_30\jre\lib\modules\jdk.boot.jar;C:\Program Files\Java\jdk1.6.0_30\jre\classes"/>
    <property name="java.vendor" value="Sun Microsystems Inc."/>
    <property name="maven.home" value="P:\workspace\com.simple.stock.market\EMBEDDED"/>
    <property name="file.separator" value="\"/>
    <property name="java.vendor.url.bug" value="http://java.sun.com/cgi-bin/bugreport.cgi"/>
    <property name="maven.bootclasspath" value="/C:/software/jbdevstudio7/studio/configuration/org.eclipse.osgi/bundles/509/1/.cp/jars/plexus-classworlds-2.4.jar"/>
    <property name="sun.cpu.endian" value="little"/>
    <property name="sun.io.unicode.encoding" value="UnicodeLittle"/>
    <property name="sun.desktop" value="windows"/>
    <property name="sun.cpu.isalist" value="amd64"/>
  </properties>
  <testcase time="0.016" classname="stock.com.simple.stock.market.SimpleStockMarketApplicationTest" name="testSimpleStockMarketApplicationFailure">
    <error message="Unresolved compilation problems: 
	The import org.apache cannot be resolved
	Logger cannot be resolved to a type
	Logger cannot be resolved
	Logger cannot be resolved to a type
	Logger cannot be resolved to a type
	Logger cannot be resolved to a type
	Logger cannot be resolved to a type
	Logger cannot be resolved to a type
	Logger cannot be resolved to a type
	Logger cannot be resolved to a type
	Logger cannot be resolved to a type
	Logger cannot be resolved to a type
	Logger cannot be resolved to a type
	Logger cannot be resolved to a type
" type="java.lang.Error">java.lang.Error: Unresolved compilation problems: 
	The import org.apache cannot be resolved
	Logger cannot be resolved to a type
	Logger cannot be resolved
	Logger cannot be resolved to a type
	Logger cannot be resolved to a type
	Logger cannot be resolved to a type
	Logger cannot be resolved to a type
	Logger cannot be resolved to a type
	Logger cannot be resolved to a type
	Logger cannot be resolved to a type
	Logger cannot be resolved to a type
	Logger cannot be resolved to a type
	Logger cannot be resolved to a type
	Logger cannot be resolved to a type

	at stock.com.simple.stock.market.SimpleStockMarketApplication.&lt;init&gt;(SimpleStockMarketApplication.java:9)
	at stock.com.simple.stock.market.SimpleStockMarketApplicationTest.testSimpleStockMarketApplicationFailure(SimpleStockMarketApplicationTest.java:39)
</error>
  </testcase>
  <testcase time="0" classname="stock.com.simple.stock.market.SimpleStockMarketApplicationTest" name="testSimpleStockMarketApplicationPass">
    <error message="Unresolved compilation problems: 
	The import org.apache cannot be resolved
	Logger cannot be resolved to a type
	Logger cannot be resolved
	Logger cannot be resolved to a type
	Logger cannot be resolved to a type
	Logger cannot be resolved to a type
	Logger cannot be resolved to a type
	Logger cannot be resolved to a type
	Logger cannot be resolved to a type
	Logger cannot be resolved to a type
	Logger cannot be resolved to a type
	Logger cannot be resolved to a type
	Logger cannot be resolved to a type
	Logger cannot be resolved to a type
" type="java.lang.Error">java.lang.Error: Unresolved compilation problems: 
	The import org.apache cannot be resolved
	Logger cannot be resolved to a type
	Logger cannot be resolved
	Logger cannot be resolved to a type
	Logger cannot be resolved to a type
	Logger cannot be resolved to a type
	Logger cannot be resolved to a type
	Logger cannot be resolved to a type
	Logger cannot be resolved to a type
	Logger cannot be resolved to a type
	Logger cannot be resolved to a type
	Logger cannot be resolved to a type
	Logger cannot be resolved to a type
	Logger cannot be resolved to a type

	at stock.com.simple.stock.market.SimpleStockMarketApplication.&lt;init&gt;(SimpleStockMarketApplication.java:9)
	at stock.com.simple.stock.market.SimpleStockMarketApplicationTest.testSimpleStockMarketApplicationPass(SimpleStockMarketApplicationTest.java:52)
</error>
  </testcase>
</testsuite>